20-Aug-2024 14:04:36.094 INFO [main] org.apache.catalina.startup.VersionLoggerListener.log Server version name:   Apache Tomcat/10.1.28
20-Aug-2024 14:04:36.100 INFO [main] org.apache.catalina.startup.VersionLoggerListener.log Server built:          Aug 2 2024 15:14:43 UTC
20-Aug-2024 14:04:36.101 INFO [main] org.apache.catalina.startup.VersionLoggerListener.log Server version number: 10.1.28.0
20-Aug-2024 14:04:36.101 INFO [main] org.apache.catalina.startup.VersionLoggerListener.log OS Name:               Windows 11
20-Aug-2024 14:04:36.101 INFO [main] org.apache.catalina.startup.VersionLoggerListener.log OS Version:            10.0
20-Aug-2024 14:04:36.101 INFO [main] org.apache.catalina.startup.VersionLoggerListener.log Architecture:          amd64
20-Aug-2024 14:04:36.101 INFO [main] org.apache.catalina.startup.VersionLoggerListener.log Java Home:             C:\Program Files\Java\jdk-22
20-Aug-2024 14:04:36.103 INFO [main] org.apache.catalina.startup.VersionLoggerListener.log JVM Version:           22.0.1+8-16
20-Aug-2024 14:04:36.103 INFO [main] org.apache.catalina.startup.VersionLoggerListener.log JVM Vendor:            Oracle Corporation
20-Aug-2024 14:04:36.103 INFO [main] org.apache.catalina.startup.VersionLoggerListener.log CATALINA_BASE:         C:\Users\zubair786\IdeaProjects\firstprogramjava\src\dsjavatraining\jspCore
20-Aug-2024 14:04:36.104 INFO [main] org.apache.catalina.startup.VersionLoggerListener.log CATALINA_HOME:         C:\Users\zubair786\Downloads\apache-tomcat-10.1.28-windows-x64\apache-tomcat-10.1.28
20-Aug-2024 14:04:36.120 INFO [main] org.apache.catalina.startup.VersionLoggerListener.log Command line argument: --add-opens=java.base/java.lang=ALL-UNNAMED
20-Aug-2024 14:04:36.120 INFO [main] org.apache.catalina.startup.VersionLoggerListener.log Command line argument: --add-opens=java.base/java.io=ALL-UNNAMED
20-Aug-2024 14:04:36.120 INFO [main] org.apache.catalina.startup.VersionLoggerListener.log Command line argument: --add-opens=java.base/java.util=ALL-UNNAMED
20-Aug-2024 14:04:36.121 INFO [main] org.apache.catalina.startup.VersionLoggerListener.log Command line argument: --add-opens=java.base/java.util.concurrent=ALL-UNNAMED
20-Aug-2024 14:04:36.121 INFO [main] org.apache.catalina.startup.VersionLoggerListener.log Command line argument: --add-opens=java.rmi/sun.rmi.transport=ALL-UNNAMED
20-Aug-2024 14:04:36.121 INFO [main] org.apache.catalina.startup.VersionLoggerListener.log Command line argument: -Dcatalina.home=C:\Users\zubair786\Downloads\apache-tomcat-10.1.28-windows-x64\apache-tomcat-10.1.28
20-Aug-2024 14:04:36.121 INFO [main] org.apache.catalina.startup.VersionLoggerListener.log Command line argument: -Dcatalina.base=C:\Users\zubair786\IdeaProjects\firstprogramjava\src\dsjavatraining\jspCore
20-Aug-2024 14:04:36.121 INFO [main] org.apache.catalina.startup.VersionLoggerListener.log Command line argument: -Djava.io.tmpdir=C:\Users\zubair786\IdeaProjects\firstprogramjava\src\dsjavatraining\jspCore\temp
20-Aug-2024 14:04:36.121 INFO [main] org.apache.catalina.startup.VersionLoggerListener.log Command line argument: -Djava.util.logging.config.file=C:\Users\zubair786\IdeaProjects\firstprogramjava\src\dsjavatraining\jspCore\conf\logging.properties
20-Aug-2024 14:04:36.121 INFO [main] org.apache.catalina.startup.VersionLoggerListener.log Command line argument: -Djava.util.logging.manager=org.apache.juli.ClassLoaderLogManager
20-Aug-2024 14:04:36.122 INFO [main] org.apache.catalina.startup.VersionLoggerListener.log Command line argument: -javaagent:C:\Program Files\JetBrains\IntelliJ IDEA 2024.2.0.1\lib\idea_rt.jar=57149:C:\Program Files\JetBrains\IntelliJ IDEA 2024.2.0.1\bin
20-Aug-2024 14:04:36.122 INFO [main] org.apache.catalina.startup.VersionLoggerListener.log Command line argument: -Dfile.encoding=UTF-8
20-Aug-2024 14:04:36.122 INFO [main] org.apache.catalina.startup.VersionLoggerListener.log Command line argument: -Dsun.stdout.encoding=UTF-8
20-Aug-2024 14:04:36.122 INFO [main] org.apache.catalina.startup.VersionLoggerListener.log Command line argument: -Dsun.stderr.encoding=UTF-8
20-Aug-2024 14:04:36.130 INFO [main] org.apache.catalina.core.AprLifecycleListener.lifecycleEvent Loaded Apache Tomcat Native library [2.0.8] using APR version [1.7.4].
20-Aug-2024 14:04:36.153 INFO [main] org.apache.catalina.core.AprLifecycleListener.initializeSSL OpenSSL successfully initialized [OpenSSL 3.0.14 4 Jun 2024]
20-Aug-2024 14:04:37.117 INFO [main] org.apache.coyote.AbstractProtocol.init Initializing ProtocolHandler ["http-nio-8080"]
20-Aug-2024 14:04:37.202 INFO [main] org.apache.catalina.startup.Catalina.load Server initialization in [1495] milliseconds
20-Aug-2024 14:04:37.290 INFO [main] org.apache.catalina.core.StandardService.startInternal Starting service [Catalina]
20-Aug-2024 14:04:37.290 INFO [main] org.apache.catalina.core.StandardEngine.startInternal Starting Servlet engine: [Apache Tomcat/10.1.28]
20-Aug-2024 14:04:37.307 INFO [main] org.apache.catalina.startup.HostConfig.deployDescriptor Deploying deployment descriptor [C:\Users\zubair786\IdeaProjects\firstprogramjava\src\dsjavatraining\jspCore\conf\Catalina\localhost\jspCore.xml]
20-Aug-2024 14:04:37.845 INFO [main] org.apache.jasper.servlet.TldScanner.scanJars At least one JAR was scanned for TLDs yet contained no TLDs. Enable debug logging for this logger for a complete list of JARs that were scanned but no TLDs were found in them. Skipping unneeded JARs during scanning can improve startup time and JSP compilation time.
20-Aug-2024 14:04:37.935 INFO [main] org.apache.catalina.startup.HostConfig.deployDescriptor Deployment of deployment descriptor [C:\Users\zubair786\IdeaProjects\firstprogramjava\src\dsjavatraining\jspCore\conf\Catalina\localhost\jspCore.xml] has finished in [627] ms
20-Aug-2024 14:04:37.940 INFO [main] org.apache.coyote.AbstractProtocol.start Starting ProtocolHandler ["http-nio-8080"]
20-Aug-2024 14:04:37.976 INFO [main] org.apache.catalina.startup.Catalina.start Server startup in [772] milliseconds
20-Aug-2024 14:05:04.200 INFO [Thread-1] org.apache.coyote.AbstractProtocol.pause Pausing ProtocolHandler ["http-nio-8080"]
20-Aug-2024 14:05:04.223 INFO [Thread-1] org.apache.catalina.core.StandardService.stopInternal Stopping service [Catalina]
20-Aug-2024 14:05:04.251 INFO [Thread-1] org.apache.coyote.AbstractProtocol.stop Stopping ProtocolHandler ["http-nio-8080"]
20-Aug-2024 14:05:04.257 INFO [Thread-1] org.apache.coyote.AbstractProtocol.destroy Destroying ProtocolHandler ["http-nio-8080"]
